0 info it worked if it ends with ok
1 verbose cli [ 'node', '/usr/local/bin/npm', 'link' ]
2 info using npm@1.1.61
3 info using node@v0.8.9
4 verbose linkPkg /Users/jobb/Documents/Lekegrind/live-search/server
5 verbose read json /Users/jobb/Documents/Lekegrind/live-search/server/package.json
6 error Error: ENOENT, open '/Users/jobb/Documents/Lekegrind/live-search/server/package.json'
7 error If you need help, you may report this log at:
7 error     <http://github.com/isaacs/npm/issues>
7 error or email it to:
7 error     <npm-@googlegroups.com>
8 error System Darwin 11.4.2
9 error command "node" "/usr/local/bin/npm" "link"
10 error cwd /Users/jobb/Documents/Lekegrind/live-search/server
11 error node -v v0.8.9
12 error npm -v 1.1.61
13 error path /Users/jobb/Documents/Lekegrind/live-search/server/package.json
14 error code ENOENT
15 error errno 34
16 verbose exit [ 34, true ]
